
PL/SQL procedure successfully completed.

Elapsed: 00:00:00.02

no rows selected

Elapsed: 00:00:00.21

no rows selected

Elapsed: 00:00:00.65

Execution Plan
----------------------------------------------------------                      
Plan hash value: 2252185097                                                     
                                                                                
--------------------------------------------------------------------------------
----------------------------------                                              
                                                                                
| Id  | Operation                            | Name                      | Rows 
 | Bytes | Cost (%CPU)| Time     |                                              
                                                                                
--------------------------------------------------------------------------------
----------------------------------                                              
                                                                                
|   0 | SELECT STATEMENT                     |                           |     1
 |   144 |     5   (0)| 00:00:01 |                                              
                                                                                
|*  1 |  FILTER                              |                           |      
 |       |            |          |                                              
                                                                                
|   2 |   TABLE ACCESS BY INDEX ROWID BATCHED| PIL_CONSIGNMENT_ADOPTIONS |     1
 |   144 |     2   (0)| 00:00:01 |                                              
                                                                                
|*  3 |    INDEX RANGE SCAN                  | PIL_CAD_CSM_FK_IND        |     1
 |       |     1   (0)| 00:00:01 |                                              
                                                                                
|*  4 |   VIEW                               |                           |   390
 | 12090 |     3   (0)| 00:00:01 |                                              
                                                                                
|   5 |    WINDOW BUFFER                     |                           |   390
 |  8580 |     3   (0)| 00:00:01 |                                              
                                                                                
|   6 |     INDEX FULL SCAN                  | PIL_CAD_OGN_CSM_ADS_IND   |   390
 |  8580 |     3   (0)| 00:00:01 |                                              
                                                                                
--------------------------------------------------------------------------------
----------------------------------                                              
                                                                                
                                                                                
Predicate Information (identified by operation id):                             
---------------------------------------------------                             
                                                                                
   1 - filter( EXISTS (SELECT 0 FROM  (SELECT "P"."ID" "ID","P"."ADOPTION_START_
DATE"                                                                           
                                                                                
              "ADOPTION_START_DATE","P"."ADOPTION_END_DATE" "ADOPTION_END_DATE",
"P"."FORWARDER_REF_CODE"                                                        
                                                                                
              "FORWARDER_REF_CODE","P"."ARRIVAL_TIME_DRV" "ARRIVAL_TIME_DRV","P"
."DEPARTURE_TIME_DRV"                                                           
                                                                                
              "DEPARTURE_TIME_DRV","P"."VESSEL_DISPLAY_NAME_DRV" "VESSEL_DISPLAY
_NAME_DRV","P"."CSM_ID"                                                         
                                                                                
              "CSM_ID","P"."OGN_ID" "OGN_ID","P"."USR_ID" "USR_ID","P"."OGN_ID_C
HA" "OGN_ID_CHA","P"."VIS_ID"                                                   
                                                                                
              "VIS_ID","P"."POR_ID_LOADING" "POR_ID_LOADING","P"."VERSION" "VERS
ION","P"."DATE_CREATED"                                                         
                                                                                
              "DATE_CREATED","P"."DATE_MODIFIED" "DATE_MODIFIED","P"."MODIFIED_B
Y" "MODIFIED_BY","P"."CREATED_BY"                                               
                                                                                
              "CREATED_BY","P"."UN_CODE_DRV" "UN_CODE_DRV","P"."PCA_UUID" "PCA_U
UID",MAX("P"."ADOPTION_START_DATE")                                             
                                                                                
              OVER ( PARTITION BY "P"."CSM_ID","P"."OGN_ID") "MAXIMUM" FROM PCS.
"PIL_CONSIGNMENT_ADOPTIONS" "P") "P"                                            
                                                                                
              WHERE "P"."ID"=:B1 AND "P"."ADOPTION_START_DATE"="MAXIMUM"))      
   3 - access("CONSIGNMEN0_"."CSM_ID"=TO_NUMBER(:B1))                           
   4 - filter("P"."ID"=:B1 AND "P"."ADOPTION_START_DATE"="MAXIMUM")             
                                                                                
Note                                                                            
-----                                                                           
   - automatic DOP: Computed Degree of Parallelism is 1 because of parallel thre
shold                                                                           
                                                                                


Statistics
----------------------------------------------------------                      
          0  recursive calls                                                    
          0  db block gets                                                      
         35  consistent gets                                                    
          0  physical reads                                                     
         72  redo size                                                          
       1609  bytes sent via SQL*Net to client                                   
        540  bytes received via SQL*Net from client                             
          1  SQL*Net roundtrips to/from client                                  
          0  sorts (memory)                                                     
          0  sorts (disk)                                                       
          0  rows processed                                                     


no rows selected

Elapsed: 00:00:00.10

no rows selected

Elapsed: 00:00:00.19

Execution Plan
----------------------------------------------------------                      
Plan hash value: 611235773                                                      
                                                                                
--------------------------------------------------------------------------------
---------------------------------------                                         
                                                                                
| Id  | Operation                                 | Name                      | 
Rows  | Bytes | Cost (%CPU)| Time     |                                         
                                                                                
--------------------------------------------------------------------------------
---------------------------------------                                         
                                                                                
|   0 | SELECT STATEMENT                          |                           | 
    1 |   157 |     5  (40)| 00:00:01 |                                         
                                                                                
|   1 |  NESTED LOOPS                             |                           | 
    1 |   157 |     5  (40)| 00:00:01 |                                         
                                                                                
|   2 |   NESTED LOOPS                            |                           | 
    1 |   157 |     5  (40)| 00:00:01 |                                         
                                                                                
|   3 |    VIEW                                   | VW_NSO_1                  | 
    1 |    13 |     3  (34)| 00:00:01 |                                         
                                                                                
|   4 |     HASH UNIQUE                           |                           | 
    1 |    20 |            |          |                                         
                                                                                
|*  5 |      VIEW                                 |                           | 
    1 |    20 |     3  (34)| 00:00:01 |                                         
                                                                                
|   6 |       WINDOW SORT                         |                           | 
    1 |    22 |     3  (34)| 00:00:01 |                                         
                                                                                
|   7 |        TABLE ACCESS BY INDEX ROWID BATCHED| PIL_CONSIGNMENT_ADOPTIONS | 
    1 |    22 |     2   (0)| 00:00:01 |                                         
                                                                                
|*  8 |         INDEX RANGE SCAN                  | PIL_CAD_CSM_FK_IND        | 
    1 |       |     1   (0)| 00:00:01 |                                         
                                                                                
|*  9 |    INDEX UNIQUE SCAN                      | PIL_CAD_PK                | 
    1 |       |     0   (0)| 00:00:01 |                                         
                                                                                
|* 10 |   TABLE ACCESS BY INDEX ROWID             | PIL_CONSIGNMENT_ADOPTIONS | 
    1 |   144 |     1   (0)| 00:00:01 |                                         
                                                                                
--------------------------------------------------------------------------------
---------------------------------------                                         
                                                                                
                                                                                
Predicate Information (identified by operation id):                             
---------------------------------------------------                             
                                                                                
   5 - filter("P"."ADOPTION_START_DATE"="MAXIMUM")                              
   8 - access("P"."CSM_ID"=TO_NUMBER(:B1))                                      
   9 - access("CONSIGNMEN0_"."ID"="ID")                                         
  10 - filter("CONSIGNMEN0_"."CSM_ID"=TO_NUMBER(:B1))                           
                                                                                
Note                                                                            
-----                                                                           
   - automatic DOP: Computed Degree of Parallelism is 1 because of parallel thre
shold                                                                           
                                                                                
   - this is an adaptive plan                                                   


Statistics
----------------------------------------------------------                      
          0  recursive calls                                                    
          0  db block gets                                                      
         35  consistent gets                                                    
          0  physical reads                                                     
         72  redo size                                                          
       1609  bytes sent via SQL*Net to client                                   
        613  bytes received via SQL*Net from client                             
          1  SQL*Net roundtrips to/from client                                  
          1  sorts (memory)                                                     
          0  sorts (disk)                                                       
          0  rows processed                                                     

