
        ID         ID                                                                                                                                                                                   
---------- ----------                                                                                                                                                                                   
2684192093 2684192093                                                                                                                                                                                   
2684177593 2684177593                                                                                                                                                                                   

2 rows selected.

Elapsed: 00:00:00.11

        ID         ID                                                                                                                                                                                   
---------- ----------                                                                                                                                                                                   
2684192093 2684192093                                                                                                                                                                                   
2684177593 2684177593                                                                                                                                                                                   

2 rows selected.

Elapsed: 00:00:00.22

Execution Plan
----------------------------------------------------------                                                                                                                                              
Plan hash value: 1562920591                                                                                                                                                                             
                                                                                                                                                                                                        
-----------------------------------------------------------------------------------------------------------------                                                                                       
| Id  | Operation                       | Name                          | Rows  | Bytes | Cost (%CPU)| Time     |                                                                                       
-----------------------------------------------------------------------------------------------------------------                                                                                       
|   0 | SELECT STATEMENT                |                               |    77 |  6622 |  1009   (1)| 00:00:01 |                                                                                       
|   1 |  SORT ORDER BY                  |                               |    77 |  6622 |  1009   (1)| 00:00:01 |                                                                                       
|   2 |   CONCATENATION                 |                               |       |       |            |          |                                                                                       
|   3 |    NESTED LOOPS                 |                               |     1 |    86 |    10   (0)| 00:00:01 |                                                                                       
|   4 |     NESTED LOOPS                |                               |     1 |    86 |    10   (0)| 00:00:01 |                                                                                       
|   5 |      NESTED LOOPS               |                               |     1 |    70 |     7   (0)| 00:00:01 |                                                                                       
|   6 |       NESTED LOOPS              |                               |     1 |    56 |     5   (0)| 00:00:01 |                                                                                       
|   7 |        NESTED LOOPS             |                               |     1 |    30 |     3   (0)| 00:00:01 |                                                                                       
|*  8 |         INDEX RANGE SCAN        | PRL_DIS_ID_PK_P1377           |     1 |     8 |     1   (0)| 00:00:01 |                                                                                       
|*  9 |         INDEX RANGE SCAN        | RD_LVI_DATES_PRL_ID_P1377     |     1 |    22 |     2   (0)| 00:00:01 |                                                                                       
|* 10 |        INDEX RANGE SCAN         | RD_EQP_LVI_PICK_CNR_OGN_P1377 |     1 |    26 |     2   (0)| 00:00:01 |                                                                                       
|* 11 |       INDEX RANGE SCAN          | RD_PRO_RD_LVI_ID_XTRA4        |     1 |    14 |     2   (0)| 00:00:01 |                                                                                       
|* 12 |      INDEX UNIQUE SCAN          | PIL_SEP_PK                    |     1 |       |     2   (0)| 00:00:01 |                                                                                       
|* 13 |     TABLE ACCESS BY INDEX ROWID | PIL_SERVICE_PROCESSES         |     1 |    16 |     3   (0)| 00:00:01 |                                                                                       
|  14 |    NESTED LOOPS                 |                               |     2 |   172 |    32   (0)| 00:00:01 |                                                                                       
|  15 |     NESTED LOOPS                |                               |     2 |   120 |    28   (0)| 00:00:01 |                                                                                       
|  16 |      NESTED LOOPS               |                               |     5 |   220 |    13   (0)| 00:00:01 |                                                                                       
|  17 |       NESTED LOOPS              |                               |     5 |   150 |     3   (0)| 00:00:01 |                                                                                       
|* 18 |        INDEX RANGE SCAN         | PRL_DIS_ID_PK_P1377           |     1 |     8 |     1   (0)| 00:00:01 |                                                                                       
|* 19 |        INDEX RANGE SCAN         | RD_LVI_DATES_PRL_ID_P1377     |    10 |   220 |     2   (0)| 00:00:01 |                                                                                       
|* 20 |       INDEX RANGE SCAN          | RD_PRO_RD_LVI_ID_XTRA4        |     1 |    14 |     2   (0)| 00:00:01 |                                                                                       
|* 21 |      TABLE ACCESS BY INDEX ROWID| PIL_SERVICE_PROCESSES         |     1 |    16 |     3   (0)| 00:00:01 |                                                                                       
|* 22 |       INDEX UNIQUE SCAN         | PIL_SEP_PK                    |     1 |       |     2   (0)| 00:00:01 |                                                                                       
|* 23 |     INDEX RANGE SCAN            | RD_EQP_LVI_PICK_CNR_OGN_P1377 |     1 |    26 |     2   (0)| 00:00:01 |                                                                                       
|  24 |    NESTED LOOPS                 |                               |    74 |  6364 |   966   (0)| 00:00:01 |                                                                                       
|  25 |     NESTED LOOPS                |                               |   181 |  6364 |   966   (0)| 00:00:01 |                                                                                       
|  26 |      NESTED LOOPS               |                               |   181 | 12670 |   423   (0)| 00:00:01 |                                                                                       
|* 27 |       HASH JOIN                 |                               |   181 | 10136 |    61   (0)| 00:00:01 |                                                                                       
|* 28 |        INDEX RANGE SCAN         | RD_LVI_DATES_PRL_ID_P1377     |   361 |  7942 |     4   (0)| 00:00:01 |                                                                                       
|  29 |        NESTED LOOPS             |                               |  2630 | 89420 |    57   (0)| 00:00:01 |                                                                                       
|* 30 |         INDEX RANGE SCAN        | PRL_DIS_ID_PK_P1377           |     1 |     8 |     1   (0)| 00:00:01 |                                                                                       
|* 31 |         INDEX RANGE SCAN        | RD_EQP_OGN_CNR_PCK_RLVI_P1377 |  5261 |   133K|    56   (0)| 00:00:01 |                                                                                       
|* 32 |       INDEX RANGE SCAN          | RD_PRO_RD_LVI_ID_XTRA4        |     1 |    14 |     2   (0)| 00:00:01 |                                                                                       
|* 33 |      INDEX UNIQUE SCAN          | PIL_SEP_PK                    |     1 |       |     2   (0)| 00:00:01 |                                                                                       
|* 34 |     TABLE ACCESS BY INDEX ROWID | PIL_SERVICE_PROCESSES         |     1 |    16 |     3   (0)| 00:00:01 |                                                                                       
-----------------------------------------------------------------------------------------------------------------                                                                                       
                                                                                                                                                                                                        
Predicate Information (identified by operation id):                                                                                                                                                     
---------------------------------------------------                                                                                                                                                     
                                                                                                                                                                                                        
   8 - access("T5"."DISCRIMINATOR"=:B18 AND "T5"."ID"=TO_NUMBER(:B7))                                                                                                                                   
   9 - access("T3"."TIMESLOT_START_TIME" IS NULL AND "T3"."ESTIMATED_ARRIVAL_TIME">=SYSDATE@!-2 AND                                                                                                     
              "T3"."PRL_ID"=TO_NUMBER(:B7) AND "T3"."ESTIMATED_ARRIVAL_TIME"<=SYSDATE@!+2)                                                                                                              
       filter("T3"."PRL_ID"=TO_NUMBER(:B7) AND "T3"."ESTIMATED_ARRIVAL_TIME">=SYSDATE@!-2 AND                                                                                                           
              "T3"."ESTIMATED_ARRIVAL_TIME"<=SYSDATE@!+2)                                                                                                                                               
  10 - access("T2"."RD_LVI_ID"="T3"."ID" AND "T2"."PICKUP_DELIVERY_INDICATOR"=:B6 AND                                                                                                                   
              "T2"."OGN_REG_ID"=TO_NUMBER(:B1))                                                                                                                                                         
       filter("T2"."OGN_REG_ID"=TO_NUMBER(:B1))                                                                                                                                                         
  11 - access("T3"."ID"="T1"."RD_LVI_ID")                                                                                                                                                               
  12 - access("T1"."ID"="T0"."ID")                                                                                                                                                                      
  13 - filter("T0"."DISCRIMINATOR"=:B17 AND ("T0"."STATE"=:B8 OR "T0"."STATE"=:B9 OR "T0"."STATE"=:B10                                                                                                  
              OR "T0"."STATE"=:B11 OR "T0"."STATE"=:B12 OR "T0"."STATE"=:B13 OR "T0"."STATE"=:B14 OR "T0"."STATE"=:B15                                                                                  
              OR "T0"."STATE"=:B16))                                                                                                                                                                    
  18 - access("T5"."DISCRIMINATOR"=:B18 AND "T5"."ID"=TO_NUMBER(:B7))                                                                                                                                   
  19 - access("T3"."TIMESLOT_START_TIME">=SYSDATE@!-2 AND "T3"."PRL_ID"=TO_NUMBER(:B7) AND                                                                                                              
              "T3"."TIMESLOT_START_TIME"<=SYSDATE@!+2)                                                                                                                                                  
       filter("T3"."PRL_ID"=TO_NUMBER(:B7) AND (LNNVL("T3"."TIMESLOT_START_TIME" IS NULL) OR                                                                                                            
              LNNVL("T3"."ESTIMATED_ARRIVAL_TIME">=SYSDATE@!-2) OR LNNVL("T3"."ESTIMATED_ARRIVAL_TIME"<=SYSDATE@!+2)))                                                                                  
  20 - access("T3"."ID"="T1"."RD_LVI_ID")                                                                                                                                                               
  21 - filter("T0"."DISCRIMINATOR"=:B17 AND ("T0"."STATE"=:B8 OR "T0"."STATE"=:B9 OR "T0"."STATE"=:B10                                                                                                  
              OR "T0"."STATE"=:B11 OR "T0"."STATE"=:B12 OR "T0"."STATE"=:B13 OR "T0"."STATE"=:B14 OR "T0"."STATE"=:B15                                                                                  
              OR "T0"."STATE"=:B16))                                                                                                                                                                    
  22 - access("T1"."ID"="T0"."ID")                                                                                                                                                                      
  23 - access("T2"."RD_LVI_ID"="T3"."ID" AND "T2"."PICKUP_DELIVERY_INDICATOR"=:B6 AND                                                                                                                   
              "T2"."OGN_REG_ID"=TO_NUMBER(:B1))                                                                                                                                                         
       filter("T2"."OGN_REG_ID"=TO_NUMBER(:B1))                                                                                                                                                         
  27 - access("T2"."RD_LVI_ID"="T3"."ID")                                                                                                                                                               
  28 - access("T3"."TIMESLOT_START_TIME" IS NULL AND "T3"."ESTIMATED_ARRIVAL_TIME" IS NULL AND                                                                                                          
              "T3"."PRL_ID"=TO_NUMBER(:B7))                                                                                                                                                             
       filter("T3"."ESTIMATED_ARRIVAL_TIME" IS NULL AND "T3"."PRL_ID"=TO_NUMBER(:B7) AND                                                                                                                
              (LNNVL("T3"."TIMESLOT_START_TIME">=SYSDATE@!-2) OR LNNVL("T3"."TIMESLOT_START_TIME"<=SYSDATE@!+2)) AND                                                                                    
              (LNNVL("T3"."TIMESLOT_START_TIME" IS NULL) OR LNNVL("T3"."ESTIMATED_ARRIVAL_TIME">=SYSDATE@!-2) OR                                                                                        
              LNNVL("T3"."ESTIMATED_ARRIVAL_TIME"<=SYSDATE@!+2)))                                                                                                                                       
  30 - access("T5"."DISCRIMINATOR"=:B18 AND "T5"."ID"=TO_NUMBER(:B7))                                                                                                                                   
  31 - access("T2"."OGN_REG_ID"=TO_NUMBER(:B1) AND "T2"."PICKUP_DELIVERY_INDICATOR"=:B6)                                                                                                                
       filter("T2"."PICKUP_DELIVERY_INDICATOR"=:B6)                                                                                                                                                     
  32 - access("T3"."ID"="T1"."RD_LVI_ID")                                                                                                                                                               
  33 - access("T1"."ID"="T0"."ID")                                                                                                                                                                      
  34 - filter("T0"."DISCRIMINATOR"=:B17 AND ("T0"."STATE"=:B8 OR "T0"."STATE"=:B9 OR "T0"."STATE"=:B10                                                                                                  
              OR "T0"."STATE"=:B11 OR "T0"."STATE"=:B12 OR "T0"."STATE"=:B13 OR "T0"."STATE"=:B14 OR "T0"."STATE"=:B15                                                                                  
              OR "T0"."STATE"=:B16))                                                                                                                                                                    
                                                                                                                                                                                                        
Note                                                                                                                                                                                                    
-----                                                                                                                                                                                                   
   - automatic DOP: Computed Degree of Parallelism is 1 because of parallel threshold                                                                                                                   


Statistics
----------------------------------------------------------                                                                                                                                              
          0  recursive calls                                                                                                                                                                            
          0  db block gets                                                                                                                                                                              
        752  consistent gets                                                                                                                                                                            
          0  physical reads                                                                                                                                                                             
          0  redo size                                                                                                                                                                                  
        452  bytes sent via SQL*Net to client                                                                                                                                                           
        826  bytes received via SQL*Net from client                                                                                                                                                     
          2  SQL*Net roundtrips to/from client                                                                                                                                                          
          1  sorts (memory)                                                                                                                                                                             
          0  sorts (disk)                                                                                                                                                                               
          2  rows processed                                                                                                                                                                             

Note timing, block-gets, plan and Plan_hash_value.
now apply fix and press enter to re-test, twice...
press enter to continue...

        ID         ID                                                                                                                                                                                   
---------- ----------                                                                                                                                                                                   
2684192093 2684192093                                                                                                                                                                                   
2684177593 2684177593                                                                                                                                                                                   

2 rows selected.

Elapsed: 00:00:00.11

        ID         ID                                                                                                                                                                                   
---------- ----------                                                                                                                                                                                   
2684192093 2684192093                                                                                                                                                                                   
2684177593 2684177593                                                                                                                                                                                   

2 rows selected.

Elapsed: 00:00:00.33

Execution Plan
----------------------------------------------------------                                                                                                                                              
Plan hash value: 1562920591                                                                                                                                                                             
                                                                                                                                                                                                        
-----------------------------------------------------------------------------------------------------------------                                                                                       
| Id  | Operation                       | Name                          | Rows  | Bytes | Cost (%CPU)| Time     |                                                                                       
-----------------------------------------------------------------------------------------------------------------                                                                                       
|   0 | SELECT STATEMENT                |                               |    77 |  6622 |  1009   (1)| 00:00:01 |                                                                                       
|   1 |  SORT ORDER BY                  |                               |    77 |  6622 |  1009   (1)| 00:00:01 |                                                                                       
|   2 |   CONCATENATION                 |                               |       |       |            |          |                                                                                       
|   3 |    NESTED LOOPS                 |                               |     1 |    86 |    10   (0)| 00:00:01 |                                                                                       
|   4 |     NESTED LOOPS                |                               |     1 |    86 |    10   (0)| 00:00:01 |                                                                                       
|   5 |      NESTED LOOPS               |                               |     1 |    70 |     7   (0)| 00:00:01 |                                                                                       
|   6 |       NESTED LOOPS              |                               |     1 |    56 |     5   (0)| 00:00:01 |                                                                                       
|   7 |        NESTED LOOPS             |                               |     1 |    30 |     3   (0)| 00:00:01 |                                                                                       
|*  8 |         INDEX RANGE SCAN        | PRL_DIS_ID_PK_P1377           |     1 |     8 |     1   (0)| 00:00:01 |                                                                                       
|*  9 |         INDEX RANGE SCAN        | RD_LVI_DATES_PRL_ID_P1377     |     1 |    22 |     2   (0)| 00:00:01 |                                                                                       
|* 10 |        INDEX RANGE SCAN         | RD_EQP_LVI_PICK_CNR_OGN_P1377 |     1 |    26 |     2   (0)| 00:00:01 |                                                                                       
|* 11 |       INDEX RANGE SCAN          | RD_PRO_RD_LVI_ID_XTRA4        |     1 |    14 |     2   (0)| 00:00:01 |                                                                                       
|* 12 |      INDEX UNIQUE SCAN          | PIL_SEP_PK                    |     1 |       |     2   (0)| 00:00:01 |                                                                                       
|* 13 |     TABLE ACCESS BY INDEX ROWID | PIL_SERVICE_PROCESSES         |     1 |    16 |     3   (0)| 00:00:01 |                                                                                       
|  14 |    NESTED LOOPS                 |                               |     2 |   172 |    32   (0)| 00:00:01 |                                                                                       
|  15 |     NESTED LOOPS                |                               |     2 |   120 |    28   (0)| 00:00:01 |                                                                                       
|  16 |      NESTED LOOPS               |                               |     5 |   220 |    13   (0)| 00:00:01 |                                                                                       
|  17 |       NESTED LOOPS              |                               |     5 |   150 |     3   (0)| 00:00:01 |                                                                                       
|* 18 |        INDEX RANGE SCAN         | PRL_DIS_ID_PK_P1377           |     1 |     8 |     1   (0)| 00:00:01 |                                                                                       
|* 19 |        INDEX RANGE SCAN         | RD_LVI_DATES_PRL_ID_P1377     |    10 |   220 |     2   (0)| 00:00:01 |                                                                                       
|* 20 |       INDEX RANGE SCAN          | RD_PRO_RD_LVI_ID_XTRA4        |     1 |    14 |     2   (0)| 00:00:01 |                                                                                       
|* 21 |      TABLE ACCESS BY INDEX ROWID| PIL_SERVICE_PROCESSES         |     1 |    16 |     3   (0)| 00:00:01 |                                                                                       
|* 22 |       INDEX UNIQUE SCAN         | PIL_SEP_PK                    |     1 |       |     2   (0)| 00:00:01 |                                                                                       
|* 23 |     INDEX RANGE SCAN            | RD_EQP_LVI_PICK_CNR_OGN_P1377 |     1 |    26 |     2   (0)| 00:00:01 |                                                                                       
|  24 |    NESTED LOOPS                 |                               |    74 |  6364 |   966   (0)| 00:00:01 |                                                                                       
|  25 |     NESTED LOOPS                |                               |   181 |  6364 |   966   (0)| 00:00:01 |                                                                                       
|  26 |      NESTED LOOPS               |                               |   181 | 12670 |   423   (0)| 00:00:01 |                                                                                       
|* 27 |       HASH JOIN                 |                               |   181 | 10136 |    61   (0)| 00:00:01 |                                                                                       
|* 28 |        INDEX RANGE SCAN         | RD_LVI_DATES_PRL_ID_P1377     |   361 |  7942 |     4   (0)| 00:00:01 |                                                                                       
|  29 |        NESTED LOOPS             |                               |  2630 | 89420 |    57   (0)| 00:00:01 |                                                                                       
|* 30 |         INDEX RANGE SCAN        | PRL_DIS_ID_PK_P1377           |     1 |     8 |     1   (0)| 00:00:01 |                                                                                       
|* 31 |         INDEX RANGE SCAN        | RD_EQP_OGN_CNR_PCK_RLVI_P1377 |  5261 |   133K|    56   (0)| 00:00:01 |                                                                                       
|* 32 |       INDEX RANGE SCAN          | RD_PRO_RD_LVI_ID_XTRA4        |     1 |    14 |     2   (0)| 00:00:01 |                                                                                       
|* 33 |      INDEX UNIQUE SCAN          | PIL_SEP_PK                    |     1 |       |     2   (0)| 00:00:01 |                                                                                       
|* 34 |     TABLE ACCESS BY INDEX ROWID | PIL_SERVICE_PROCESSES         |     1 |    16 |     3   (0)| 00:00:01 |                                                                                       
-----------------------------------------------------------------------------------------------------------------                                                                                       
                                                                                                                                                                                                        
Predicate Information (identified by operation id):                                                                                                                                                     
---------------------------------------------------                                                                                                                                                     
                                                                                                                                                                                                        
   8 - access("T5"."DISCRIMINATOR"=:B18 AND "T5"."ID"=TO_NUMBER(:B7))                                                                                                                                   
   9 - access("T3"."TIMESLOT_START_TIME" IS NULL AND "T3"."ESTIMATED_ARRIVAL_TIME">=SYSDATE@!-2 AND                                                                                                     
              "T3"."PRL_ID"=TO_NUMBER(:B7) AND "T3"."ESTIMATED_ARRIVAL_TIME"<=SYSDATE@!+2)                                                                                                              
       filter("T3"."PRL_ID"=TO_NUMBER(:B7) AND "T3"."ESTIMATED_ARRIVAL_TIME">=SYSDATE@!-2 AND                                                                                                           
              "T3"."ESTIMATED_ARRIVAL_TIME"<=SYSDATE@!+2)                                                                                                                                               
  10 - access("T2"."RD_LVI_ID"="T3"."ID" AND "T2"."PICKUP_DELIVERY_INDICATOR"=:B6 AND                                                                                                                   
              "T2"."OGN_REG_ID"=TO_NUMBER(:B1))                                                                                                                                                         
       filter("T2"."OGN_REG_ID"=TO_NUMBER(:B1))                                                                                                                                                         
  11 - access("T3"."ID"="T1"."RD_LVI_ID")                                                                                                                                                               
  12 - access("T1"."ID"="T0"."ID")                                                                                                                                                                      
  13 - filter("T0"."DISCRIMINATOR"=:B17 AND ("T0"."STATE"=:B8 OR "T0"."STATE"=:B9 OR "T0"."STATE"=:B10                                                                                                  
              OR "T0"."STATE"=:B11 OR "T0"."STATE"=:B12 OR "T0"."STATE"=:B13 OR "T0"."STATE"=:B14 OR "T0"."STATE"=:B15                                                                                  
              OR "T0"."STATE"=:B16))                                                                                                                                                                    
  18 - access("T5"."DISCRIMINATOR"=:B18 AND "T5"."ID"=TO_NUMBER(:B7))                                                                                                                                   
  19 - access("T3"."TIMESLOT_START_TIME">=SYSDATE@!-2 AND "T3"."PRL_ID"=TO_NUMBER(:B7) AND                                                                                                              
              "T3"."TIMESLOT_START_TIME"<=SYSDATE@!+2)                                                                                                                                                  
       filter("T3"."PRL_ID"=TO_NUMBER(:B7) AND (LNNVL("T3"."TIMESLOT_START_TIME" IS NULL) OR                                                                                                            
              LNNVL("T3"."ESTIMATED_ARRIVAL_TIME">=SYSDATE@!-2) OR LNNVL("T3"."ESTIMATED_ARRIVAL_TIME"<=SYSDATE@!+2)))                                                                                  
  20 - access("T3"."ID"="T1"."RD_LVI_ID")                                                                                                                                                               
  21 - filter("T0"."DISCRIMINATOR"=:B17 AND ("T0"."STATE"=:B8 OR "T0"."STATE"=:B9 OR "T0"."STATE"=:B10                                                                                                  
              OR "T0"."STATE"=:B11 OR "T0"."STATE"=:B12 OR "T0"."STATE"=:B13 OR "T0"."STATE"=:B14 OR "T0"."STATE"=:B15                                                                                  
              OR "T0"."STATE"=:B16))                                                                                                                                                                    
  22 - access("T1"."ID"="T0"."ID")                                                                                                                                                                      
  23 - access("T2"."RD_LVI_ID"="T3"."ID" AND "T2"."PICKUP_DELIVERY_INDICATOR"=:B6 AND                                                                                                                   
              "T2"."OGN_REG_ID"=TO_NUMBER(:B1))                                                                                                                                                         
       filter("T2"."OGN_REG_ID"=TO_NUMBER(:B1))                                                                                                                                                         
  27 - access("T2"."RD_LVI_ID"="T3"."ID")                                                                                                                                                               
  28 - access("T3"."TIMESLOT_START_TIME" IS NULL AND "T3"."ESTIMATED_ARRIVAL_TIME" IS NULL AND                                                                                                          
              "T3"."PRL_ID"=TO_NUMBER(:B7))                                                                                                                                                             
       filter("T3"."ESTIMATED_ARRIVAL_TIME" IS NULL AND "T3"."PRL_ID"=TO_NUMBER(:B7) AND                                                                                                                
              (LNNVL("T3"."TIMESLOT_START_TIME">=SYSDATE@!-2) OR LNNVL("T3"."TIMESLOT_START_TIME"<=SYSDATE@!+2)) AND                                                                                    
              (LNNVL("T3"."TIMESLOT_START_TIME" IS NULL) OR LNNVL("T3"."ESTIMATED_ARRIVAL_TIME">=SYSDATE@!-2) OR                                                                                        
              LNNVL("T3"."ESTIMATED_ARRIVAL_TIME"<=SYSDATE@!+2)))                                                                                                                                       
  30 - access("T5"."DISCRIMINATOR"=:B18 AND "T5"."ID"=TO_NUMBER(:B7))                                                                                                                                   
  31 - access("T2"."OGN_REG_ID"=TO_NUMBER(:B1) AND "T2"."PICKUP_DELIVERY_INDICATOR"=:B6)                                                                                                                
       filter("T2"."PICKUP_DELIVERY_INDICATOR"=:B6)                                                                                                                                                     
  32 - access("T3"."ID"="T1"."RD_LVI_ID")                                                                                                                                                               
  33 - access("T1"."ID"="T0"."ID")                                                                                                                                                                      
  34 - filter("T0"."DISCRIMINATOR"=:B17 AND ("T0"."STATE"=:B8 OR "T0"."STATE"=:B9 OR "T0"."STATE"=:B10                                                                                                  
              OR "T0"."STATE"=:B11 OR "T0"."STATE"=:B12 OR "T0"."STATE"=:B13 OR "T0"."STATE"=:B14 OR "T0"."STATE"=:B15                                                                                  
              OR "T0"."STATE"=:B16))                                                                                                                                                                    
                                                                                                                                                                                                        
Note                                                                                                                                                                                                    
-----                                                                                                                                                                                                   
   - automatic DOP: Computed Degree of Parallelism is 1 because of parallel threshold                                                                                                                   


Statistics
----------------------------------------------------------                                                                                                                                              
          0  recursive calls                                                                                                                                                                            
          0  db block gets                                                                                                                                                                              
        756  consistent gets                                                                                                                                                                            
          0  physical reads                                                                                                                                                                             
          0  redo size                                                                                                                                                                                  
        452  bytes sent via SQL*Net to client                                                                                                                                                           
        826  bytes received via SQL*Net from client                                                                                                                                                     
          2  SQL*Net roundtrips to/from client                                                                                                                                                          
          1  sorts (memory)                                                                                                                                                                             
          0  sorts (disk)                                                                                                                                                                               
          2  rows processed                                                                                                                                                                             

new-situation, Again, Note timing, blocks, plan and Plan_hash_value.
decide to reverse or keep fix.
press enter to continue...
